{"total": {"lines":{"total":104,"covered":67,"skipped":0,"pct":64.42},"statements":{"total":157,"covered":77,"skipped":0,"pct":49.04},"functions":{"total":88,"covered":18,"skipped":0,"pct":20.45},"branches":{"total":29,"covered":8,"skipped":0,"pct":27.59}}
,"/home/fabien/Documents/work/gka-composite/src/bool.js": {"lines":{"total":29,"covered":25,"skipped":0,"pct":86.21},"functions":{"total":17,"covered":3,"skipped":0,"pct":17.65},"statements":{"total":44,"covered":28,"skipped":0,"pct":63.64},"branches":{"total":7,"covered":0,"skipped":0,"pct":0}}
,"/home/fabien/Documents/work/gka-composite/src/core.js": {"lines":{"total":39,"covered":26,"skipped":0,"pct":66.67},"functions":{"total":29,"covered":11,"skipped":0,"pct":37.93},"statements":{"total":58,"covered":32,"skipped":0,"pct":55.17},"branches":{"total":12,"covered":6,"skipped":0,"pct":50}}
,"/home/fabien/Documents/work/gka-composite/src/functor.js": {"lines":{"total":23,"covered":3,"skipped":0,"pct":13.04},"functions":{"total":32,"covered":3,"skipped":0,"pct":9.38},"statements":{"total":32,"covered":3,"skipped":0,"pct":9.38},"branches":{"total":10,"covered":2,"skipped":0,"pct":20}}
,"/home/fabien/Documents/work/gka-composite/src/string.js": {"lines":{"total":11,"covered":11,"skipped":0,"pct":100},"functions":{"total":10,"covered":1,"skipped":0,"pct":10},"statements":{"total":21,"covered":12,"skipped":0,"pct":57.14},"branches":{"total":0,"covered":0,"skipped":0,"pct":100}}
,"/home/fabien/Documents/work/gka-composite/src/validator.js": {"lines":{"total":2,"covered":2,"skipped":0,"pct":100},"functions":{"total":0,"covered":0,"skipped":0,"pct":100},"statements":{"total":2,"covered":2,"skipped":0,"pct":100},"branches":{"total":0,"covered":0,"skipped":0,"pct":100}}
}
