{"/home/fabien/Documents/work/gka-composite/src/index.js": {"path":"/home/fabien/Documents/work/gka-composite/src/index.js","statementMap":{"0":{"start":{"line":22,"column":14},"end":{"line":32,"column":1}},"1":{"start":{"line":23,"column":2},"end":{"line":25,"column":3}},"2":{"start":{"line":24,"column":4},"end":{"line":24,"column":26}},"3":{"start":{"line":24,"column":23},"end":{"line":24,"column":26}},"4":{"start":{"line":27,"column":2},"end":{"line":29,"column":3}},"5":{"start":{"line":28,"column":4},"end":{"line":28,"column":17}},"6":{"start":{"line":31,"column":2},"end":{"line":31,"column":60}},"7":{"start":{"line":31,"column":30},"end":{"line":31,"column":59}},"8":{"start":{"line":31,"column":43},"end":{"line":31,"column":59}},"9":{"start":{"line":48,"column":15},"end":{"line":58,"column":1}},"10":{"start":{"line":49,"column":2},"end":{"line":51,"column":3}},"11":{"start":{"line":50,"column":4},"end":{"line":50,"column":26}},"12":{"start":{"line":50,"column":23},"end":{"line":50,"column":26}},"13":{"start":{"line":53,"column":2},"end":{"line":55,"column":3}},"14":{"start":{"line":54,"column":4},"end":{"line":54,"column":19}},"15":{"start":{"line":57,"column":2},"end":{"line":57,"column":59}},"16":{"start":{"line":57,"column":32},"end":{"line":57,"column":58}},"17":{"start":{"line":57,"column":45},"end":{"line":57,"column":58}},"18":{"start":{"line":61,"column":0},"end":{"line":61,"column":43}}},"fnMap":{"0":{"name":"(anonymous_0)","decl":{"start":{"line":22,"column":14},"end":{"line":22,"column":15}},"loc":{"start":{"line":22,"column":25},"end":{"line":32,"column":1}},"line":22},"1":{"name":"(anonymous_1)","decl":{"start":{"line":24,"column":11},"end":{"line":24,"column":12}},"loc":{"start":{"line":24,"column":23},"end":{"line":24,"column":26}},"line":24},"2":{"name":"(anonymous_2)","decl":{"start":{"line":31,"column":20},"end":{"line":31,"column":21}},"loc":{"start":{"line":31,"column":30},"end":{"line":31,"column":59}},"line":31},"3":{"name":"(anonymous_3)","decl":{"start":{"line":31,"column":30},"end":{"line":31,"column":31}},"loc":{"start":{"line":31,"column":43},"end":{"line":31,"column":59}},"line":31},"4":{"name":"(anonymous_4)","decl":{"start":{"line":48,"column":15},"end":{"line":48,"column":16}},"loc":{"start":{"line":48,"column":28},"end":{"line":58,"column":1}},"line":48},"5":{"name":"(anonymous_5)","decl":{"start":{"line":50,"column":11},"end":{"line":50,"column":12}},"loc":{"start":{"line":50,"column":23},"end":{"line":50,"column":26}},"line":50},"6":{"name":"(anonymous_6)","decl":{"start":{"line":57,"column":22},"end":{"line":57,"column":23}},"loc":{"start":{"line":57,"column":32},"end":{"line":57,"column":58}},"line":57},"7":{"name":"(anonymous_7)","decl":{"start":{"line":57,"column":32},"end":{"line":57,"column":33}},"loc":{"start":{"line":57,"column":45},"end":{"line":57,"column":58}},"line":57}},"branchMap":{"0":{"loc":{"start":{"line":23,"column":2},"end":{"line":25,"column":3}},"type":"if","locations":[{"start":{"line":23,"column":2},"end":{"line":25,"column":3}},{"start":{"line":23,"column":2},"end":{"line":25,"column":3}}],"line":23},"1":{"loc":{"start":{"line":27,"column":2},"end":{"line":29,"column":3}},"type":"if","locations":[{"start":{"line":27,"column":2},"end":{"line":29,"column":3}},{"start":{"line":27,"column":2},"end":{"line":29,"column":3}}],"line":27},"2":{"loc":{"start":{"line":49,"column":2},"end":{"line":51,"column":3}},"type":"if","locations":[{"start":{"line":49,"column":2},"end":{"line":51,"column":3}},{"start":{"line":49,"column":2},"end":{"line":51,"column":3}}],"line":49},"3":{"loc":{"start":{"line":53,"column":2},"end":{"line":55,"column":3}},"type":"if","locations":[{"start":{"line":53,"column":2},"end":{"line":55,"column":3}},{"start":{"line":53,"column":2},"end":{"line":55,"column":3}}],"line":53}},"s":{"0":1,"1":4,"2":1,"3":2,"4":3,"5":1,"6":2,"7":2,"8":2,"9":1,"10":3,"11":1,"12":2,"13":2,"14":1,"15":1,"16":1,"17":1,"18":1},"f":{"0":4,"1":2,"2":2,"3":2,"4":3,"5":2,"6":1,"7":1},"b":{"0":[1,3],"1":[1,2],"2":[1,2],"3":[1,1]},"_coverageSchema":"43e27e138ebf9cfc5966b082cf9a028302ed4184","hash":"22b221701aaba7c5e6e2eb69eadd074fd1798c52"}
}
