{"/home/fabien/Documents/work/gka-composite/src/index.js": {"path":"/home/fabien/Documents/work/gka-composite/src/index.js","statementMap":{"0":{"start":{"line":17,"column":13},"end":{"line":27,"column":1}},"1":{"start":{"line":18,"column":2},"end":{"line":20,"column":3}},"2":{"start":{"line":19,"column":4},"end":{"line":19,"column":26}},"3":{"start":{"line":19,"column":23},"end":{"line":19,"column":26}},"4":{"start":{"line":22,"column":2},"end":{"line":24,"column":3}},"5":{"start":{"line":23,"column":4},"end":{"line":23,"column":17}},"6":{"start":{"line":26,"column":2},"end":{"line":26,"column":60}},"7":{"start":{"line":26,"column":30},"end":{"line":26,"column":59}},"8":{"start":{"line":26,"column":43},"end":{"line":26,"column":59}},"9":{"start":{"line":43,"column":15},"end":{"line":53,"column":1}},"10":{"start":{"line":44,"column":2},"end":{"line":46,"column":3}},"11":{"start":{"line":45,"column":4},"end":{"line":45,"column":26}},"12":{"start":{"line":45,"column":23},"end":{"line":45,"column":26}},"13":{"start":{"line":48,"column":2},"end":{"line":50,"column":3}},"14":{"start":{"line":49,"column":4},"end":{"line":49,"column":19}},"15":{"start":{"line":52,"column":2},"end":{"line":52,"column":62}},"16":{"start":{"line":52,"column":32},"end":{"line":52,"column":61}},"17":{"start":{"line":52,"column":45},"end":{"line":52,"column":61}},"18":{"start":{"line":56,"column":0},"end":{"line":56,"column":42}}},"fnMap":{"0":{"name":"(anonymous_0)","decl":{"start":{"line":17,"column":13},"end":{"line":17,"column":14}},"loc":{"start":{"line":17,"column":24},"end":{"line":27,"column":1}},"line":17},"1":{"name":"(anonymous_1)","decl":{"start":{"line":19,"column":11},"end":{"line":19,"column":12}},"loc":{"start":{"line":19,"column":23},"end":{"line":19,"column":26}},"line":19},"2":{"name":"(anonymous_2)","decl":{"start":{"line":26,"column":20},"end":{"line":26,"column":21}},"loc":{"start":{"line":26,"column":30},"end":{"line":26,"column":59}},"line":26},"3":{"name":"(anonymous_3)","decl":{"start":{"line":26,"column":30},"end":{"line":26,"column":31}},"loc":{"start":{"line":26,"column":43},"end":{"line":26,"column":59}},"line":26},"4":{"name":"(anonymous_4)","decl":{"start":{"line":43,"column":15},"end":{"line":43,"column":16}},"loc":{"start":{"line":43,"column":28},"end":{"line":53,"column":1}},"line":43},"5":{"name":"(anonymous_5)","decl":{"start":{"line":45,"column":11},"end":{"line":45,"column":12}},"loc":{"start":{"line":45,"column":23},"end":{"line":45,"column":26}},"line":45},"6":{"name":"(anonymous_6)","decl":{"start":{"line":52,"column":22},"end":{"line":52,"column":23}},"loc":{"start":{"line":52,"column":32},"end":{"line":52,"column":61}},"line":52},"7":{"name":"(anonymous_7)","decl":{"start":{"line":52,"column":32},"end":{"line":52,"column":33}},"loc":{"start":{"line":52,"column":45},"end":{"line":52,"column":61}},"line":52}},"branchMap":{"0":{"loc":{"start":{"line":18,"column":2},"end":{"line":20,"column":3}},"type":"if","locations":[{"start":{"line":18,"column":2},"end":{"line":20,"column":3}},{"start":{"line":18,"column":2},"end":{"line":20,"column":3}}],"line":18},"1":{"loc":{"start":{"line":22,"column":2},"end":{"line":24,"column":3}},"type":"if","locations":[{"start":{"line":22,"column":2},"end":{"line":24,"column":3}},{"start":{"line":22,"column":2},"end":{"line":24,"column":3}}],"line":22},"2":{"loc":{"start":{"line":44,"column":2},"end":{"line":46,"column":3}},"type":"if","locations":[{"start":{"line":44,"column":2},"end":{"line":46,"column":3}},{"start":{"line":44,"column":2},"end":{"line":46,"column":3}}],"line":44},"3":{"loc":{"start":{"line":48,"column":2},"end":{"line":50,"column":3}},"type":"if","locations":[{"start":{"line":48,"column":2},"end":{"line":50,"column":3}},{"start":{"line":48,"column":2},"end":{"line":50,"column":3}}],"line":48}},"s":{"0":2,"1":6,"2":1,"3":2,"4":5,"5":1,"6":4,"7":6,"8":6,"9":2,"10":6,"11":2,"12":4,"13":4,"14":2,"15":2,"16":2,"17":2,"18":2},"f":{"0":6,"1":2,"2":6,"3":6,"4":6,"5":4,"6":2,"7":2},"b":{"0":[1,5],"1":[1,4],"2":[2,4],"3":[2,2]},"_coverageSchema":"43e27e138ebf9cfc5966b082cf9a028302ed4184","hash":"2efcc9d7a99cf011d511d2249a0cc1853942cabe"}
}
