{"total": {"lines":{"total":63,"covered":43,"skipped":0,"pct":68.25},"statements":{"total":86,"covered":60,"skipped":0,"pct":69.77},"functions":{"total":33,"covered":24,"skipped":0,"pct":72.73},"branches":{"total":33,"covered":18,"skipped":0,"pct":54.55}}
,"/home/fabien/Documents/work/gka-composite/src/experimental.js": {"lines":{"total":13,"covered":13,"skipped":0,"pct":100},"functions":{"total":8,"covered":8,"skipped":0,"pct":100},"statements":{"total":19,"covered":19,"skipped":0,"pct":100},"branches":{"total":8,"covered":8,"skipped":0,"pct":100}}
,"/home/fabien/Documents/work/gka-composite/src/index.js": {"lines":{"total":50,"covered":30,"skipped":0,"pct":60},"functions":{"total":25,"covered":16,"skipped":0,"pct":64},"statements":{"total":67,"covered":41,"skipped":0,"pct":61.19},"branches":{"total":25,"covered":10,"skipped":0,"pct":40}}
}
