TN:
SF:/home/fabien/Documents/work/gka-composite/src/array.js
FN:10,(anonymous_0)
FN:12,(anonymous_1)
FN:16,(anonymous_2)
FN:19,(anonymous_3)
FN:22,(anonymous_4)
FN:45,(anonymous_5)
FN:46,(anonymous_6)
FN:53,(anonymous_7)
FN:53,(anonymous_8)
FN:60,(anonymous_9)
FN:62,(anonymous_10)
FN:63,(anonymous_11)
FN:64,(anonymous_12)
FN:64,(anonymous_13)
FN:65,(anonymous_14)
FN:67,(anonymous_15)
FN:69,(anonymous_16)
FN:71,(anonymous_17)
FN:80,(anonymous_18)
FN:83,(anonymous_19)
FN:100,(anonymous_20)
FN:116,(anonymous_21)
FN:116,(anonymous_22)
FN:122,(anonymous_23)
FN:124,(anonymous_24)
FN:129,(anonymous_25)
FN:131,(anonymous_26)
FN:138,(anonymous_27)
FNF:28
FNH:19
FNDA:9,(anonymous_0)
FNDA:0,(anonymous_1)
FNDA:2,(anonymous_2)
FNDA:26,(anonymous_3)
FNDA:4,(anonymous_4)
FNDA:3,(anonymous_5)
FNDA:9,(anonymous_6)
FNDA:4,(anonymous_7)
FNDA:16,(anonymous_8)
FNDA:0,(anonymous_9)
FNDA:4,(anonymous_10)
FNDA:6,(anonymous_11)
FNDA:0,(anonymous_12)
FNDA:0,(anonymous_13)
FNDA:0,(anonymous_14)
FNDA:12,(anonymous_15)
FNDA:0,(anonymous_16)
FNDA:4,(anonymous_17)
FNDA:4,(anonymous_18)
FNDA:0,(anonymous_19)
FNDA:6,(anonymous_20)
FNDA:0,(anonymous_21)
FNDA:0,(anonymous_22)
FNDA:1,(anonymous_23)
FNDA:56,(anonymous_24)
FNDA:30,(anonymous_25)
FNDA:8,(anonymous_26)
FNDA:1,(anonymous_27)
DA:10,13
DA:12,13
DA:16,13
DA:19,26
DA:22,13
DA:26,13
DA:28,13
DA:30,13
DA:32,13
DA:37,13
DA:39,13
DA:45,13
DA:46,9
DA:53,13
DA:54,16
DA:55,5
DA:56,16
DA:57,16
DA:60,13
DA:62,13
DA:63,13
DA:64,13
DA:65,13
DA:67,13
DA:69,13
DA:71,13
DA:74,13
DA:75,13
DA:80,13
DA:83,13
DA:84,0
DA:86,0
DA:89,0
DA:90,0
DA:91,0
DA:92,0
DA:93,0
DA:94,0
DA:96,0
DA:100,13
DA:101,6
DA:102,2
DA:104,4
DA:105,4
DA:106,4
DA:108,4
DA:109,5
DA:112,4
DA:116,13
DA:117,0
DA:118,0
DA:122,13
DA:124,13
DA:125,56
DA:126,56
DA:129,30
DA:131,13
DA:132,13
DA:133,13
DA:135,13
DA:137,13
DA:138,13
LF:62
LH:51
BRDA:54,0,0,5
BRDA:54,0,1,11
BRDA:101,1,0,2
BRDA:101,1,1,4
BRDA:126,2,0,18
BRDA:126,2,1,38
BRDA:126,3,0,38
BRDA:126,3,1,0
BRF:8
BRH:7
end_of_record
TN:
SF:/home/fabien/Documents/work/gka-composite/src/bool.js
FN:5,(anonymous_0)
FN:7,(anonymous_1)
FN:15,(anonymous_2)
FN:19,(anonymous_3)
FN:20,(anonymous_4)
FN:22,(anonymous_5)
FN:24,(anonymous_6)
FN:31,(anonymous_7)
FN:36,(anonymous_8)
FN:42,(anonymous_9)
FN:42,(anonymous_10)
FN:45,(anonymous_11)
FN:48,(anonymous_12)
FN:49,(anonymous_13)
FN:53,(anonymous_14)
FN:55,(anonymous_15)
FNF:16
FNH:14
FNDA:7,(anonymous_0)
FNDA:6,(anonymous_1)
FNDA:28,(anonymous_2)
FNDA:95,(anonymous_3)
FNDA:1,(anonymous_4)
FNDA:84,(anonymous_5)
FNDA:78,(anonymous_6)
FNDA:3,(anonymous_7)
FNDA:7,(anonymous_8)
FNDA:1,(anonymous_9)
FNDA:1,(anonymous_10)
FNDA:1,(anonymous_11)
FNDA:3,(anonymous_12)
FNDA:0,(anonymous_13)
FNDA:121,(anonymous_14)
FNDA:0,(anonymous_15)
DA:5,13
DA:7,13
DA:9,13
DA:15,13
DA:16,28
DA:19,95
DA:20,13
DA:22,84
DA:24,78
DA:26,13
DA:27,13
DA:28,13
DA:29,13
DA:30,13
DA:31,13
DA:33,13
DA:36,13
DA:39,13
DA:42,13
DA:45,13
DA:48,13
DA:49,13
DA:53,121
DA:55,13
DA:56,0
DA:57,0
DA:59,0
LF:27
LH:24
BRDA:16,0,0,22
BRDA:16,0,1,6
BRDA:36,1,0,7
BRDA:36,1,1,6
BRDA:36,1,2,5
BRF:5
BRH:5
end_of_record
TN:
SF:/home/fabien/Documents/work/gka-composite/src/core.js
FN:10,(anonymous_0)
FN:12,(anonymous_1)
FN:17,(anonymous_2)
FN:17,(anonymous_3)
FN:30,(anonymous_4)
FN:32,(anonymous_5)
FN:37,(anonymous_6)
FN:37,(anonymous_7)
FN:53,(anonymous_8)
FN:53,(anonymous_9)
FN:53,(anonymous_10)
FN:53,(anonymous_11)
FN:70,(anonymous_12)
FN:72,$curry
FN:78,(anonymous_14)
FN:80,(anonymous_15)
FN:83,$curryNull
FN:130,(anonymous_17)
FN:132,$curryN
FN:158,(anonymous_19)
FN:160,$curryX
FN:192,(anonymous_21)
FN:192,(anonymous_22)
FN:192,(anonymous_23)
FN:216,(anonymous_24)
FN:216,(anonymous_25)
FN:232,(anonymous_26)
FN:248,(anonymous_27)
FN:252,(anonymous_28)
FN:255,(anonymous_29)
FN:258,(anonymous_30)
FN:261,(anonymous_31)
FNF:32
FNH:29
FNDA:439,(anonymous_0)
FNDA:2,(anonymous_1)
FNDA:443,(anonymous_2)
FNDA:599,(anonymous_3)
FNDA:7,(anonymous_4)
FNDA:2,(anonymous_5)
FNDA:6,(anonymous_6)
FNDA:6,(anonymous_7)
FNDA:1352,(anonymous_8)
FNDA:1352,(anonymous_9)
FNDA:1352,(anonymous_10)
FNDA:1352,(anonymous_11)
FNDA:488,(anonymous_12)
FNDA:1343,$curry
FNDA:0,(anonymous_14)
FNDA:0,(anonymous_15)
FNDA:0,$curryNull
FNDA:1,(anonymous_17)
FNDA:1,$curryN
FNDA:4,(anonymous_19)
FNDA:8,$curryX
FNDA:13,(anonymous_21)
FNDA:22,(anonymous_22)
FNDA:43,(anonymous_23)
FNDA:22,(anonymous_24)
FNDA:9,(anonymous_25)
FNDA:134,(anonymous_26)
FNDA:47,(anonymous_27)
FNDA:76,(anonymous_28)
FNDA:43,(anonymous_29)
FNDA:2,(anonymous_30)
FNDA:124,(anonymous_31)
DA:10,13
DA:11,439
DA:12,2
DA:14,438
DA:15,2
DA:17,599
DA:30,13
DA:31,7
DA:32,2
DA:34,6
DA:35,2
DA:37,6
DA:53,1352
DA:54,1352
DA:55,533
DA:57,819
DA:70,13
DA:71,488
DA:72,488
DA:73,1343
DA:78,13
DA:79,0
DA:80,0
DA:81,0
DA:82,0
DA:83,0
DA:85,0
DA:87,0
DA:88,0
DA:89,0
DA:90,0
DA:94,0
DA:95,0
DA:96,0
DA:101,0
DA:104,0
DA:105,0
DA:107,0
DA:130,13
DA:131,1
DA:132,1
DA:137,1
DA:158,13
DA:159,4
DA:160,4
DA:165,8
DA:192,43
DA:216,22
DA:232,134
DA:248,47
DA:252,76
DA:255,43
DA:258,13
DA:261,13
DA:262,124
DA:263,29
DA:265,95
LF:57
LH:40
BRDA:11,0,0,1
BRDA:11,0,1,438
BRDA:14,1,0,2
BRDA:14,1,1,436
BRDA:31,2,0,1
BRDA:31,2,1,6
BRDA:34,3,0,2
BRDA:34,3,1,4
BRDA:54,4,0,533
BRDA:54,4,1,819
BRDA:87,5,0,0
BRDA:87,5,1,0
BRDA:88,6,0,0
BRDA:88,6,1,0
BRDA:94,7,0,0
BRDA:94,7,1,0
BRDA:95,8,0,0
BRDA:95,8,1,0
BRDA:262,9,0,29
BRDA:262,9,1,95
BRF:20
BRH:12
end_of_record
TN:
SF:/home/fabien/Documents/work/gka-composite/src/date.js
FN:9,(anonymous_0)
FN:9,(anonymous_1)
FN:14,(anonymous_2)
FN:20,(anonymous_3)
FN:25,(anonymous_4)
FNF:5
FNH:5
FNDA:43,(anonymous_0)
FNDA:43,(anonymous_1)
FNDA:43,(anonymous_2)
FNDA:43,(anonymous_3)
FNDA:1,(anonymous_4)
DA:9,43
DA:11,2
DA:14,43
DA:17,2
DA:20,43
DA:23,2
DA:25,2
LF:7
LH:7
BRF:0
BRH:0
end_of_record
TN:
SF:/home/fabien/Documents/work/gka-composite/src/debug.js
FN:5,(anonymous_0)
FN:10,(anonymous_1)
FN:15,(anonymous_2)
FN:21,(anonymous_3)
FNF:4
FNH:0
FNDA:0,(anonymous_0)
FNDA:0,(anonymous_1)
FNDA:0,(anonymous_2)
FNDA:0,(anonymous_3)
DA:5,13
DA:6,0
DA:7,0
DA:10,13
DA:11,0
DA:12,0
DA:15,13
DA:21,13
DA:23,13
LF:9
LH:5
BRF:0
BRH:0
end_of_record
TN:
SF:/home/fabien/Documents/work/gka-composite/src/experimental.js
FN:2,make_curry
FN:3,$curry
FN:26,(anonymous_2)
FN:28,(anonymous_3)
FN:35,(anonymous_4)
FN:35,(anonymous_5)
FN:51,(anonymous_6)
FN:53,(anonymous_7)
FN:60,(anonymous_8)
FN:60,(anonymous_9)
FN:69,(anonymous_10)
FN:69,(anonymous_11)
FN:69,(anonymous_12)
FN:70,(anonymous_13)
FNF:14
FNH:12
FNDA:0,make_curry
FNDA:0,$curry
FNDA:6,(anonymous_2)
FNDA:2,(anonymous_3)
FNDA:6,(anonymous_4)
FNDA:6,(anonymous_5)
FNDA:6,(anonymous_6)
FNDA:4,(anonymous_7)
FNDA:2,(anonymous_8)
FNDA:2,(anonymous_9)
FNDA:5,(anonymous_10)
FNDA:5,(anonymous_11)
FNDA:5,(anonymous_12)
FNDA:12,(anonymous_13)
DA:3,0
DA:4,0
DA:5,0
DA:7,0
DA:26,14
DA:27,6
DA:28,2
DA:31,5
DA:32,1
DA:35,6
DA:51,14
DA:52,6
DA:53,4
DA:56,4
DA:57,2
DA:60,2
DA:69,14
DA:70,12
LF:18
LH:14
BRDA:4,0,0,0
BRDA:4,0,1,0
BRDA:27,1,0,1
BRDA:27,1,1,5
BRDA:31,2,0,1
BRDA:31,2,1,4
BRDA:52,3,0,2
BRDA:52,3,1,4
BRDA:56,4,0,2
BRDA:56,4,1,2
BRF:10
BRH:8
end_of_record
TN:
SF:/home/fabien/Documents/work/gka-composite/src/functor.js
FN:3,(anonymous_0)
FN:12,(anonymous_1)
FN:13,(anonymous_2)
FN:17,(anonymous_3)
FN:22,(anonymous_4)
FN:23,(anonymous_5)
FN:27,(anonymous_6)
FN:31,(anonymous_7)
FN:32,(anonymous_8)
FN:37,(anonymous_9)
FN:41,(anonymous_10)
FN:45,(anonymous_11)
FN:54,(anonymous_12)
FN:59,(anonymous_13)
FN:64,(anonymous_14)
FN:69,(anonymous_15)
FN:73,(anonymous_16)
FN:78,(anonymous_17)
FN:82,(anonymous_18)
FN:89,(anonymous_19)
FN:93,(anonymous_20)
FN:94,(anonymous_21)
FN:98,(anonymous_22)
FN:99,(anonymous_23)
FN:103,(anonymous_24)
FN:104,(anonymous_25)
FN:108,(anonymous_26)
FN:109,(anonymous_27)
FN:113,(anonymous_28)
FN:114,(anonymous_29)
FN:114,(anonymous_30)
FN:117,(anonymous_31)
FNF:32
FNH:10
FNDA:173,(anonymous_0)
FNDA:43,(anonymous_1)
FNDA:43,(anonymous_2)
FNDA:43,(anonymous_3)
FNDA:0,(anonymous_4)
FNDA:0,(anonymous_5)
FNDA:0,(anonymous_6)
FNDA:43,(anonymous_7)
FNDA:43,(anonymous_8)
FNDA:127,(anonymous_9)
FNDA:0,(anonymous_10)
FNDA:128,(anonymous_11)
FNDA:128,(anonymous_12)
FNDA:3,(anonymous_13)
FNDA:0,(anonymous_14)
FNDA:0,(anonymous_15)
FNDA:0,(anonymous_16)
FNDA:0,(anonymous_17)
FNDA:0,(anonymous_18)
FNDA:0,(anonymous_19)
FNDA:0,(anonymous_20)
FNDA:0,(anonymous_21)
FNDA:0,(anonymous_22)
FNDA:0,(anonymous_23)
FNDA:0,(anonymous_24)
FNDA:0,(anonymous_25)
FNDA:0,(anonymous_26)
FNDA:0,(anonymous_27)
FNDA:0,(anonymous_28)
FNDA:0,(anonymous_29)
FNDA:0,(anonymous_30)
FNDA:0,(anonymous_31)
DA:4,173
DA:13,43
DA:18,43
DA:23,0
DA:28,0
DA:32,43
DA:38,127
DA:42,0
DA:46,128
DA:55,128
DA:60,3
DA:65,0
DA:70,0
DA:74,0
DA:79,0
DA:83,0
DA:90,0
DA:94,0
DA:99,0
DA:104,0
DA:109,0
DA:114,0
DA:118,0
LF:23
LH:8
BRDA:38,0,0,127
BRDA:38,0,1,122
BRDA:60,1,0,2
BRDA:60,1,1,1
BRDA:65,2,0,0
BRDA:65,2,1,0
BRDA:74,3,0,0
BRDA:74,3,1,0
BRDA:83,4,0,0
BRDA:83,4,1,0
BRF:10
BRH:4
end_of_record
TN:
SF:/home/fabien/Documents/work/gka-composite/src/index.js
FNF:0
FNH:0
LF:0
LH:0
BRF:0
BRH:0
end_of_record
TN:
SF:/home/fabien/Documents/work/gka-composite/src/maths.js
FN:4,(anonymous_0)
FNF:1
FNH:0
FNDA:0,(anonymous_0)
DA:4,13
DA:6,13
LF:2
LH:2
BRF:0
BRH:0
end_of_record
TN:
SF:/home/fabien/Documents/work/gka-composite/src/object.js
FN:7,(anonymous_0)
FN:8,(anonymous_1)
FN:12,(anonymous_2)
FN:13,(anonymous_3)
FN:14,(anonymous_4)
FN:19,(anonymous_5)
FN:22,(anonymous_6)
FN:24,(anonymous_7)
FN:28,(anonymous_8)
FN:30,(anonymous_9)
FN:44,(anonymous_10)
FN:52,(anonymous_11)
FNF:12
FNH:10
FNDA:47,(anonymous_0)
FNDA:9,(anonymous_1)
FNDA:2,(anonymous_2)
FNDA:1,(anonymous_3)
FNDA:5,(anonymous_4)
FNDA:18,(anonymous_5)
FNDA:70,(anonymous_6)
FNDA:2,(anonymous_7)
FNDA:0,(anonymous_8)
FNDA:0,(anonymous_9)
FNDA:47,(anonymous_10)
FNDA:47,(anonymous_11)
DA:7,47
DA:8,13
DA:9,13
DA:12,13
DA:13,2
DA:14,5
DA:19,18
DA:22,70
DA:24,13
DA:28,13
DA:29,0
DA:30,0
DA:31,0
DA:32,0
DA:35,0
DA:44,13
DA:45,47
DA:46,47
DA:47,47
DA:52,47
LF:20
LH:15
BRDA:31,0,0,0
BRDA:31,0,1,0
BRF:2
BRH:0
end_of_record
TN:
SF:/home/fabien/Documents/work/gka-composite/src/store.js
FN:3,(anonymous_0)
FN:9,(anonymous_1)
FN:10,(anonymous_2)
FN:11,(anonymous_3)
FN:14,(anonymous_4)
FN:24,(anonymous_5)
FN:24,(anonymous_6)
FN:24,(anonymous_7)
FN:33,(anonymous_8)
FN:33,(anonymous_9)
FN:41,(anonymous_10)
FN:41,(anonymous_11)
FN:41,(anonymous_12)
FN:49,(anonymous_13)
FN:49,(anonymous_14)
FNF:15
FNH:2
FNDA:1,(anonymous_0)
FNDA:0,(anonymous_1)
FNDA:0,(anonymous_2)
FNDA:1,(anonymous_3)
FNDA:0,(anonymous_4)
FNDA:0,(anonymous_5)
FNDA:0,(anonymous_6)
FNDA:0,(anonymous_7)
FNDA:0,(anonymous_8)
FNDA:0,(anonymous_9)
FNDA:0,(anonymous_10)
FNDA:0,(anonymous_11)
FNDA:0,(anonymous_12)
FNDA:0,(anonymous_13)
FNDA:0,(anonymous_14)
DA:3,1
DA:4,1
DA:5,0
DA:7,1
DA:8,1
DA:9,0
DA:10,0
DA:12,1
DA:24,1
DA:25,0
DA:26,0
DA:27,0
DA:28,0
DA:31,1
DA:33,1
DA:34,0
DA:35,0
DA:41,1
DA:42,0
DA:43,0
DA:49,1
LF:21
LH:10
BRDA:4,0,0,0
BRDA:4,0,1,1
BRDA:25,1,0,0
BRDA:25,1,1,0
BRF:4
BRH:1
end_of_record
TN:
SF:/home/fabien/Documents/work/gka-composite/src/string.js
FN:4,(anonymous_0)
FN:7,(anonymous_1)
FN:10,(anonymous_2)
FN:14,(anonymous_3)
FN:20,(anonymous_4)
FN:22,(anonymous_5)
FN:24,(anonymous_6)
FN:25,(anonymous_7)
FN:27,(anonymous_8)
FN:27,(anonymous_9)
FNF:10
FNH:1
FNDA:0,(anonymous_0)
FNDA:0,(anonymous_1)
FNDA:0,(anonymous_2)
FNDA:0,(anonymous_3)
FNDA:0,(anonymous_4)
FNDA:0,(anonymous_5)
FNDA:74,(anonymous_6)
FNDA:0,(anonymous_7)
FNDA:0,(anonymous_8)
FNDA:0,(anonymous_9)
DA:4,13
DA:7,13
DA:10,13
DA:14,13
DA:17,13
DA:20,13
DA:22,13
DA:24,74
DA:25,13
DA:27,13
LF:10
LH:10
BRF:0
BRH:0
end_of_record
TN:
SF:/home/fabien/Documents/work/gka-composite/src/Combinator/index.js
FN:43,(anonymous_0)
FN:45,(anonymous_1)
FN:48,(anonymous_2)
FN:48,(anonymous_3)
FN:50,(anonymous_4)
FN:56,(anonymous_5)
FN:56,(anonymous_6)
FN:59,(anonymous_7)
FN:59,(anonymous_8)
FN:59,(anonymous_9)
FN:62,(anonymous_10)
FN:66,(anonymous_11)
FN:74,(anonymous_12)
FN:74,(anonymous_13)
FN:76,(anonymous_14)
FN:76,(anonymous_15)
FN:76,(anonymous_16)
FN:78,(anonymous_17)
FN:78,(anonymous_18)
FN:78,(anonymous_19)
FN:78,(anonymous_20)
FN:80,(anonymous_21)
FN:81,(anonymous_22)
FNF:23
FNH:15
FNDA:38,(anonymous_0)
FNDA:36,(anonymous_1)
FNDA:10,(anonymous_2)
FNDA:18,(anonymous_3)
FNDA:2,(anonymous_4)
FNDA:3,(anonymous_5)
FNDA:8,(anonymous_6)
FNDA:11,(anonymous_7)
FNDA:10,(anonymous_8)
FNDA:10,(anonymous_9)
FNDA:5,(anonymous_10)
FNDA:1,(anonymous_11)
FNDA:3,(anonymous_12)
FNDA:9,(anonymous_13)
FNDA:4,(anonymous_14)
FNDA:0,(anonymous_15)
FNDA:0,(anonymous_16)
FNDA:0,(anonymous_17)
FNDA:0,(anonymous_18)
FNDA:0,(anonymous_19)
FNDA:0,(anonymous_20)
FNDA:0,(anonymous_21)
FNDA:0,(anonymous_22)
DA:39,3
DA:43,38
DA:45,36
DA:48,18
DA:50,3
DA:51,2
DA:52,2
DA:53,2
DA:56,8
DA:59,11
DA:62,5
DA:64,3
DA:66,3
DA:68,3
DA:70,3
DA:74,9
DA:76,4
DA:78,3
DA:80,3
DA:81,0
DA:82,0
DA:86,3
DA:88,3
LF:23
LH:21
BRF:0
BRH:0
end_of_record
