TN:
SF:/home/fabien/Documents/work/gka-composite/src/index.js
FN:17,(anonymous_0)
FN:19,(anonymous_1)
FN:26,(anonymous_2)
FN:26,(anonymous_3)
FN:43,(anonymous_4)
FN:45,(anonymous_5)
FN:52,(anonymous_6)
FN:52,(anonymous_7)
FNF:8
FNH:8
FNDA:6,(anonymous_0)
FNDA:2,(anonymous_1)
FNDA:6,(anonymous_2)
FNDA:6,(anonymous_3)
FNDA:6,(anonymous_4)
FNDA:4,(anonymous_5)
FNDA:2,(anonymous_6)
FNDA:2,(anonymous_7)
DA:17,2
DA:18,6
DA:19,2
DA:22,5
DA:23,1
DA:26,6
DA:43,2
DA:44,6
DA:45,4
DA:48,4
DA:49,2
DA:52,2
DA:56,2
LF:13
LH:13
BRDA:18,0,0,1
BRDA:18,0,1,5
BRDA:22,1,0,1
BRDA:22,1,1,4
BRDA:44,2,0,2
BRDA:44,2,1,4
BRDA:48,3,0,2
BRDA:48,3,1,2
BRF:8
BRH:8
end_of_record
